#
# A fatal error has been detected by the Java Runtime Environment:
#
#  EXCEPTION_ACCESS_VIOLATION (0xc0000005) at pc=0x000000006da2bbab, pid=6420, tid=8984
#
# JRE version: 6.0_45-b06
# Java VM: Java HotSpot(TM) 64-Bit Server VM (20.45-b01 mixed mode windows-amd64 compressed oops)
# Problematic frame:
# V  [jvm.dll+0x14bbab]
#
# If you would like to submit a bug report, please visit:
#   http://java.sun.com/webapps/bugreport/crash.jsp
#

---------------  T H R E A D  ---------------

Current thread (0x000000000671e000):  JavaThread "JDWP Transport Listener: dt_socket" daemon [_thread_in_vm, id=8984, stack(0x0000000006910000,0x0000000006a10000)]

siginfo: ExceptionCode=0xc0000005, reading address 0xffffffffffffffff

Registers:
RAX=0x0000000006a0f701, RBX=0x000000000671e000, RCX=0x726574497972746e, RDX=0x000000000671e000
RSP=0x0000000006a0f710, RBP=0x726574497972746e, RSI=0x0000000006a0f7f0, RDI=0x0000000000589410
R8 =0x0000000006a0f7f0, R9 =0x0000000000000001, R10=0x0000000000000000, R11=0x0000000006a0fa2c
R12=0x0000000000000001, R13=0x0000000000000000, R14=0x0000000000000000, R15=0x0000000000000000
RIP=0x000000006da2bbab, EFLAGS=0x0000000000010202

Top of Stack: (sp=0x0000000006a0f710)
0x0000000006a0f710:   0000000000000000 000000006d4f54d3
0x0000000006a0f720:   0000000006a0f920 000000006dbed485
0x0000000006a0f730:   000000000671e000 000000006dc0c6fa
0x0000000006a0f740:   0000000000000000 000000000671e000
0x0000000006a0f750:   0000000006a0f7f0 000000006d4f0d69
0x0000000006a0f760:   000000000671e000 0000000000000000
0x0000000006a0f770:   0000000000000000 0000000000000000
0x0000000006a0f780:   0000000000000001 000000006d4eff6e
0x0000000006a0f790:   0000000006a0f7f0 00000000021b8738
0x0000000006a0f7a0:   0000000000000001 726574497972746e
0x0000000006a0f7b0:   0000000000000001 726574497972746e
0x0000000006a0f7c0:   0000000006a0f920 000000006d4d4f64
0x0000000006a0f7d0:   0000000006a0f920 38c0560809000000
0x0000000006a0f7e0:   0000000009a5cb80 0000000000000000
0x0000000006a0f7f0:   0000000906a0f800 0000000000000000
0x0000000006a0f800:   0000000000000000 0000000000000000 

Instructions: (pc=0x000000006da2bbab)
0x000000006da2bb8b:   7c 24 48 48 83 c4 28 c3 cc cc cc cc cc cc cc cc
0x000000006da2bb9b:   cc cc cc cc cc 48 53 48 83 ec 20 48 85 c9 74 55
0x000000006da2bbab:   48 8b 19 48 85 db 74 4d 48 b8 fe fe fe fe fe fe
0x000000006da2bbbb:   fe fe 48 3b d8 74 3e 80 3d 07 2e 5f 00 00 74 16 


Register to memory mapping:

RAX=0x0000000006a0f701 is pointing into the stack for thread: 0x000000000671e000
RBX=0x000000000671e000 is a thread
RCX=0x726574497972746e is an unknown value
RDX=0x000000000671e000 is a thread
RSP=0x0000000006a0f710 is pointing into the stack for thread: 0x000000000671e000
RBP=0x726574497972746e is an unknown value
RSI=0x0000000006a0f7f0 is pointing into the stack for thread: 0x000000000671e000
RDI=0x0000000000589410 is an unknown value
R8 =0x0000000006a0f7f0 is pointing into the stack for thread: 0x000000000671e000
R9 =0x0000000000000001 is an unknown value
R10=0x0000000000000000 is an unknown value
R11=0x0000000006a0fa2c is pointing into the stack for thread: 0x000000000671e000
R12=0x0000000000000001 is an unknown value
R13=0x0000000000000000 is an unknown value
R14=0x0000000000000000 is an unknown value
R15=0x0000000000000000 is an unknown value


Stack: [0x0000000006910000,0x0000000006a10000],  sp=0x0000000006a0f710,  free space=1021k
Native frames: (J=compiled Java code, j=interpreted, Vv=VM code, C=native code)
V  [jvm.dll+0x14bbab]


---------------  P R O C E S S  ---------------

Java Threads: ( => current thread )
  0x0000000009ac7800 JavaThread "JDWP Command Reader" daemon [_thread_in_native, id=8568, stack(0x0000000009cb0000,0x0000000009db0000)]
  0x0000000008b8b800 JavaThread "Ebean-default.0" daemon [_thread_blocked, id=7128, stack(0x000000000eaf0000,0x000000000ebf0000)]
  0x0000000008b85800 JavaThread "play-internal-execution-context-2" daemon [_thread_blocked, id=9028, stack(0x000000000d150000,0x000000000d250000)]
  0x0000000008b83800 JavaThread "Timer-0" [_thread_blocked, id=6536, stack(0x000000000d050000,0x000000000d150000)]
  0x0000000008b82000 JavaThread "BoneCP-pool-watch-thread" daemon [_thread_blocked, id=6256, stack(0x000000000a1b0000,0x000000000a2b0000)]
  0x0000000008b7e000 JavaThread "BoneCP-max-alive-scheduler" daemon [_thread_blocked, id=3808, stack(0x0000000009fb0000,0x000000000a0b0000)]
  0x0000000008b80800 JavaThread "BoneCP-keep-alive-scheduler" daemon [_thread_blocked, id=2900, stack(0x0000000009db0000,0x0000000009eb0000)]
  0x0000000008b88800 JavaThread "play-akka.actor.default-dispatcher-5" [_thread_blocked, id=8844, stack(0x000000000e7f0000,0x000000000e8f0000)]
  0x0000000008b84800 JavaThread "play-scheduler-1" [_thread_blocked, id=9024, stack(0x000000000d350000,0x000000000d450000)]
  0x0000000008a21800 JavaThread "Thread-2" daemon [_thread_in_native, id=864, stack(0x000000000a4b0000,0x000000000a5b0000)]
  0x0000000008a1b800 JavaThread "New I/O server boss #9" [_thread_in_native, id=5712, stack(0x000000000adb0000,0x000000000aeb0000)]
  0x0000000008a1e800 JavaThread "New I/O worker #8" [_thread_in_native, id=5972, stack(0x000000000acb0000,0x000000000adb0000)]
  0x0000000008a1b000 JavaThread "New I/O worker #7" [_thread_in_native, id=8264, stack(0x000000000abb0000,0x000000000acb0000)]
  0x0000000008a1e000 JavaThread "New I/O worker #6" [_thread_in_native, id=8440, stack(0x000000000aab0000,0x000000000abb0000)]
  0x0000000008a1d000 JavaThread "New I/O worker #5" [_thread_in_native, id=8832, stack(0x000000000a9b0000,0x000000000aab0000)]
  0x0000000008a1c800 JavaThread "New I/O worker #4" [_thread_in_native, id=6600, stack(0x000000000a8b0000,0x000000000a9b0000)]
  0x0000000008a0a000 JavaThread "New I/O worker #3" [_thread_in_native, id=8760, stack(0x000000000a7b0000,0x000000000a8b0000)]
  0x0000000008e4d000 JavaThread "New I/O worker #2" [_thread_in_native, id=8108, stack(0x000000000a6b0000,0x000000000a7b0000)]
  0x0000000008cf2000 JavaThread "New I/O worker #1" [_thread_in_native, id=5216, stack(0x000000000a5b0000,0x000000000a6b0000)]
  0x0000000008d4a800 JavaThread "pool-4-thread-2" [_thread_in_native, id=4596, stack(0x000000000a0b0000,0x000000000a1b0000)]
  0x0000000008b7b800 JavaThread "sbt-web-akka.actor.default-dispatcher-4" [_thread_blocked, id=6820, stack(0x0000000009eb0000,0x0000000009fb0000)]
  0x000000000915e800 JavaThread "sbt-web-scheduler-1" [_thread_blocked, id=8728, stack(0x0000000009bb0000,0x0000000009cb0000)]
  0x000000000673b000 JavaThread "Low Memory Detector" daemon [_thread_blocked, id=8236, stack(0x0000000006d10000,0x0000000006e10000)]
  0x0000000006738800 JavaThread "C2 CompilerThread1" daemon [_thread_blocked, id=8204, stack(0x0000000006c10000,0x0000000006d10000)]
  0x0000000006733000 JavaThread "C2 CompilerThread0" daemon [_thread_blocked, id=4676, stack(0x0000000006b10000,0x0000000006c10000)]
  0x0000000006724000 JavaThread "JDWP Event Helper Thread" daemon [_thread_blocked, id=8668, stack(0x0000000006a10000,0x0000000006b10000)]
=>0x000000000671e000 JavaThread "JDWP Transport Listener: dt_socket" daemon [_thread_in_vm, id=8984, stack(0x0000000006910000,0x0000000006a10000)]
  0x00000000021fd000 JavaThread "Attach Listener" daemon [_thread_blocked, id=2388, stack(0x0000000006610000,0x0000000006710000)]
  0x00000000021fa000 JavaThread "Signal Dispatcher" daemon [_thread_blocked, id=6224, stack(0x0000000006510000,0x0000000006610000)]
  0x00000000021c1000 JavaThread "Finalizer" daemon [_thread_blocked, id=4160, stack(0x0000000006410000,0x0000000006510000)]
  0x00000000021bd800 JavaThread "Reference Handler" daemon [_thread_blocked, id=7132, stack(0x0000000006310000,0x0000000006410000)]
  0x000000000058d800 JavaThread "main" [_thread_blocked, id=7284, stack(0x0000000001cb0000,0x0000000001db0000)]

Other Threads:
  0x00000000021b7000 VMThread [stack: 0x0000000006210000,0x0000000006310000] [id=3520]
  0x0000000006756000 WatcherThread [stack: 0x0000000006e10000,0x0000000006f10000] [id=7136]

VM state:not at safepoint (normal execution)

VM Mutex/Monitor currently owned by a thread: None

Heap
 PSYoungGen      total 70720K, used 45173K [0x00000000e0800000, 0x00000000e61e0000, 0x0000000100000000)
  eden space 69760K, 63% used [0x00000000e0800000,0x00000000e333d710,0x00000000e4c20000)
  from space 960K, 93% used [0x00000000e4eb0000,0x00000000e4f90020,0x00000000e4fa0000)
  to   space 11136K, 0% used [0x00000000e5700000,0x00000000e5700000,0x00000000e61e0000)
 PSOldGen        total 95936K, used 62732K [0x00000000a1800000, 0x00000000a75b0000, 0x00000000e0800000)
  object space 95936K, 65% used [0x00000000a1800000,0x00000000a5543310,0x00000000a75b0000)
 PSPermGen       total 215808K, used 141231K [0x0000000091800000, 0x000000009eac0000, 0x00000000a1800000)
  object space 215808K, 65% used [0x0000000091800000,0x000000009a1ebf20,0x000000009eac0000)

Code Cache  [0x0000000002200000, 0x00000000029e0000, 0x0000000005200000)
 total_blobs=3555 nmethods=3093 adapters=420 free_code_cache=42901440 largest_free_block=104384

Dynamic libraries:
0x0000000000400000 - 0x000000000042f000 	C:\Program Files\Java\jdk1.6.0_45\bin\java.exe
0x00007ffe667e0000 - 0x00007ffe6698a000 	C:\WINDOWS\SYSTEM32\ntdll.dll
0x00007ffe656b0000 - 0x00007ffe657ea000 	C:\WINDOWS\system32\KERNEL32.DLL
0x00007ffe63f00000 - 0x00007ffe6400f000 	C:\WINDOWS\system32\KERNELBASE.dll
0x00007ffe624f0000 - 0x00007ffe62578000 	C:\WINDOWS\system32\apphelp.dll
0x00007ffe5a4c0000 - 0x00007ffe5a50f000 	C:\WINDOWS\AppPatch\AppPatch64\AcGenral.DLL
0x00007ffe66670000 - 0x00007ffe66717000 	C:\WINDOWS\system32\msvcrt.dll
0x00007ffe63980000 - 0x00007ffe639ab000 	C:\WINDOWS\SYSTEM32\SspiCli.dll
0x00007ffe657f0000 - 0x00007ffe65841000 	C:\WINDOWS\system32\SHLWAPI.dll
0x00007ffe65bb0000 - 0x00007ffe65d21000 	C:\WINDOWS\system32\USER32.dll
0x00007ffe65f10000 - 0x00007ffe66088000 	C:\WINDOWS\system32\ole32.dll
0x00007ffe64110000 - 0x00007ffe6552f000 	C:\WINDOWS\system32\SHELL32.dll
0x00007ffe63160000 - 0x00007ffe6317e000 	C:\WINDOWS\SYSTEM32\USERENV.dll
0x00007ffe65af0000 - 0x00007ffe65b95000 	C:\WINDOWS\system32\ADVAPI32.dll
0x00007ffe5a3d0000 - 0x00007ffe5a3eb000 	C:\WINDOWS\SYSTEM32\MPR.dll
0x00007ffe66530000 - 0x00007ffe66667000 	C:\WINDOWS\system32\RPCRT4.dll
0x00007ffe66330000 - 0x00007ffe66387000 	C:\WINDOWS\SYSTEM32\sechost.dll
0x00007ffe65d30000 - 0x00007ffe65f06000 	C:\WINDOWS\SYSTEM32\combase.dll
0x00007ffe660f0000 - 0x00007ffe66234000 	C:\WINDOWS\system32\GDI32.dll
0x00007ffe63b50000 - 0x00007ffe63b64000 	C:\WINDOWS\SYSTEM32\profapi.dll
0x00007ffe62010000 - 0x00007ffe620af000 	C:\WINDOWS\SYSTEM32\SHCORE.dll
0x00007ffe65670000 - 0x00007ffe656a4000 	C:\WINDOWS\system32\IMM32.DLL
0x00007ffe65530000 - 0x00007ffe65669000 	C:\WINDOWS\system32\MSCTF.dll
0x000000006d8e0000 - 0x000000006e09c000 	C:\Program Files\Java\jdk1.6.0_45\jre\bin\server\jvm.dll
0x00007ffe55210000 - 0x00007ffe5522f000 	C:\WINDOWS\SYSTEM32\WINMM.dll
0x00007ffe551e0000 - 0x00007ffe5520a000 	C:\WINDOWS\SYSTEM32\WINMMBASE.dll
0x00007ffe64010000 - 0x00007ffe6405a000 	C:\WINDOWS\SYSTEM32\cfgmgr32.dll
0x00007ffe62a00000 - 0x00007ffe62a26000 	C:\WINDOWS\SYSTEM32\DEVOBJ.dll
0x000000006d850000 - 0x000000006d85e000 	C:\Program Files\Java\jdk1.6.0_45\jre\bin\verify.dll
0x000000006d460000 - 0x000000006d487000 	C:\Program Files\Java\jdk1.6.0_45\jre\bin\java.dll
0x000000006d4d0000 - 0x000000006d504000 	C:\Program Files\Java\jdk1.6.0_45\jre\bin\jdwp.dll
0x000000006d6f0000 - 0x000000006d6f8000 	C:\Program Files\Java\jdk1.6.0_45\jre\bin\npt.dll
0x000000006d8a0000 - 0x000000006d8b2000 	C:\Program Files\Java\jdk1.6.0_45\jre\bin\zip.dll
0x000000006d310000 - 0x000000006d319000 	C:\Program Files\Java\jdk1.6.0_45\jre\bin\dt_socket.dll
0x00007ffe66090000 - 0x00007ffe660e8000 	C:\WINDOWS\system32\WS2_32.dll
0x00007ffe66240000 - 0x00007ffe66249000 	C:\WINDOWS\system32\NSI.dll
0x00007ffe633b0000 - 0x00007ffe63408000 	C:\WINDOWS\system32\mswsock.dll
0x000000006d6c0000 - 0x000000006d6d7000 	C:\Program Files\Java\jdk1.6.0_45\jre\bin\net.dll
0x000000006d6e0000 - 0x000000006d6ec000 	C:\Program Files\Java\jdk1.6.0_45\jre\bin\nio.dll
0x00007ffe63410000 - 0x00007ffe6342e000 	C:\WINDOWS\SYSTEM32\CRYPTSP.dll
0x00007ffe63050000 - 0x00007ffe63085000 	C:\WINDOWS\system32\rsaenh.dll
0x00007ffe63640000 - 0x00007ffe63666000 	C:\WINDOWS\SYSTEM32\bcrypt.dll
0x00007ffe639c0000 - 0x00007ffe63a20000 	C:\WINDOWS\system32\bcryptprimitives.dll
0x00007ffe63a20000 - 0x00007ffe63a2a000 	C:\WINDOWS\SYSTEM32\CRYPTBASE.dll
0x00007ffe5b310000 - 0x00007ffe5b324000 	C:\WINDOWS\system32\napinsp.dll
0x00007ffe5b330000 - 0x00007ffe5b349000 	C:\WINDOWS\system32\pnrpnsp.dll
0x00007ffe5f900000 - 0x00007ffe5f919000 	C:\WINDOWS\system32\NLAapi.dll
0x00007ffe631c0000 - 0x00007ffe63263000 	C:\WINDOWS\SYSTEM32\DNSAPI.dll
0x00007ffe5b300000 - 0x00007ffe5b30c000 	C:\WINDOWS\System32\winrnr.dll
0x00007ffe5b350000 - 0x00007ffe5b363000 	C:\WINDOWS\system32\wshbth.dll
0x00007ffe5b780000 - 0x00007ffe5b789000 	C:\Windows\System32\rasadhlp.dll
0x00007ffe5e650000 - 0x00007ffe5e679000 	C:\WINDOWS\SYSTEM32\IPHLPAPI.DLL
0x00007ffe5e620000 - 0x00007ffe5e62a000 	C:\WINDOWS\SYSTEM32\WINNSI.DLL
0x00007ffe5e270000 - 0x00007ffe5e2d8000 	C:\WINDOWS\System32\fwpuclnt.dll
0x00007ffe5d080000 - 0x00007ffe5d08a000 	C:\Users\Mauricio\AppData\Local\Temp\jansi-64-1-8075381946751787432.11
0x000000006d600000 - 0x000000006d60a000 	C:\Program Files\Java\jdk1.6.0_45\jre\bin\management.dll
0x0000000067540000 - 0x000000006764f000 	C:\Users\Mauricio\Desktop\activator-1.2.12-minimal\breno-hiroshi\target\native_libraries\64bits\jnotify_64bit.dll
0x00007ffe64100000 - 0x00007ffe64107000 	C:\WINDOWS\system32\PSAPI.DLL

VM Arguments:
jvm_args: -Xdebug -Xrunjdwp:transport=dt_socket,server=y,suspend=n,address=9999 -XX:PermSize=64M -XX:MaxPermSize=256M -Dactivator.home=//C:/Users/Mauricio/Desktop/activator-1.2.12-minimal/breno-hiroshi 
java_command: C:\Users\Mauricio\Desktop\activator-1.2.12-minimal\breno-hiroshi\activator-launch-1.2.12.jar run
Launcher Type: SUN_STANDARD

Environment Variables:
JAVA_HOME=C:\Program Files\Java\jdk1.6.0_45
CLASSPATH=.;C:\Program Files (x86)\QuickTime\QTSystem\QTJava.zip
PATH=C:\Program Files\Java\jdk1.6.0_45\bin;C:\Program Files (x86)\Intel\iCLS Client\;C:\Program Files\Intel\iCLS Client\;C:\WINDOWS\system32;C:\WINDOWS;C:\WINDOWS\System32\Wbem;C:\WINDOWS\System32\WindowsPowerShell\v1.0\;C:\Program Files\Intel\Intel(R) Management Engine Components\DAL;C:\Program Files\Intel\Intel(R) Management Engine Components\IPT;C:\Program Files (x86)\Intel\Intel(R) Management Engine Components\DAL;C:\Program Files (x86)\Intel\Intel(R) Management Engine Components\IPT;C:\Program Files (x86)\Windows Live\Shared;C:\xampp\php;C:\xampp\htdocs\cakephp\2.5.4\lib\Cake\Console;C:\Program Files\Java\jdk1.6.0_45\bin;C:\Maven\bin;C:\Program Files\OpenVPN\bin;C:\Program Files (x86)\QuickTime\QTSystem\;C:\Program Files\PostgreSQL\9.2\bin;C:\HashiCorp\Vagrant\bin
USERNAME=Mauricio
OS=Windows_NT
PROCESSOR_IDENTIFIER=Intel64 Family 6 Model 58 Stepping 9, GenuineIntel



---------------  S Y S T E M  ---------------

OS: Windows 8 , 64 bit Build 9200 

CPU:total 4 (2 cores per cpu, 2 threads per core) family 6 model 58 stepping 9, cmov, cx8, fxsr, mmx, sse, sse2, sse3, ssse3, sse4.1, sse4.2, popcnt, ht

Memory: 4k page, physical 6186076k(1175728k free), swap 10118236k(2814632k free)

vm_info: Java HotSpot(TM) 64-Bit Server VM (20.45-b01) for windows-amd64 JRE (1.6.0_45-b06), built on Apr  1 2013 12:31:37 by "java_re" with MS VC++ 8.0 (VS2005)

time: Sun Feb 08 16:05:37 2015
elapsed time: 2785 seconds

